Determining if the Q_WS_WIN exist failed with the following output:
Change Dir: /home/drunkeneye/code/cedar/cShark/build/CMakeFiles/CMakeTmp

Run Build Command:"/usr/bin/make" "cmTryCompileExec2572400605/fast"
/usr/bin/make -f CMakeFiles/cmTryCompileExec2572400605.dir/build.make CMakeFiles/cmTryCompileExec2572400605.dir/build
make[1]: Entering directory '/home/drunkeneye/code/cedar/cShark/build/CMakeFiles/CMakeTmp'
/usr/bin/cmake -E cmake_progress_report /home/drunkeneye/code/cedar/cShark/build/CMakeFiles/CMakeTmp/CMakeFiles 1
Building CXX object CMakeFiles/cmTryCompileExec2572400605.dir/CheckSymbolExists.cxx.o
/usr/bin/c++    -I/usr/include/qt4    -o CMakeFiles/cmTryCompileExec2572400605.dir/CheckSymbolExists.cxx.o -c /home/drunkeneye/code/cedar/cShark/build/CMakeFiles/CMakeTmp/CheckSymbolExists.cxx
/home/drunkeneye/code/cedar/cShark/build/CMakeFiles/CMakeTmp/CheckSymbolExists.cxx: In function ‘int main(int, char**)’:
/home/drunkeneye/code/cedar/cShark/build/CMakeFiles/CMakeTmp/CheckSymbolExists.cxx:8:19: error: ‘Q_WS_WIN’ was not declared in this scope
   return ((int*)(&Q_WS_WIN))[argc];
                   ^
CMakeFiles/cmTryCompileExec2572400605.dir/build.make:57: recipe for target 'CMakeFiles/cmTryCompileExec2572400605.dir/CheckSymbolExists.cxx.o' failed
make[1]: *** [CMakeFiles/cmTryCompileExec2572400605.dir/CheckSymbolExists.cxx.o] Error 1
make[1]: Leaving directory '/home/drunkeneye/code/cedar/cShark/build/CMakeFiles/CMakeTmp'
Makefile:118: recipe for target 'cmTryCompileExec2572400605/fast' failed
make: *** [cmTryCompileExec2572400605/fast] Error 2

File /home/drunkeneye/code/cedar/cShark/build/CMakeFiles/CMakeTmp/CheckSymbolExists.cxx:
/* */
#include <QtCore/qglobal.h>

int main(int argc, char** argv)
{
  (void)argv;
#ifndef Q_WS_WIN
  return ((int*)(&Q_WS_WIN))[argc];
#else
  (void)argc;
  return 0;
#endif
}

Determining if the Q_WS_QWS exist failed with the following output:
Change Dir: /home/drunkeneye/code/cedar/cShark/build/CMakeFiles/CMakeTmp

Run Build Command:"/usr/bin/make" "cmTryCompileExec4278267741/fast"
/usr/bin/make -f CMakeFiles/cmTryCompileExec4278267741.dir/build.make CMakeFiles/cmTryCompileExec4278267741.dir/build
make[1]: Entering directory '/home/drunkeneye/code/cedar/cShark/build/CMakeFiles/CMakeTmp'
/usr/bin/cmake -E cmake_progress_report /home/drunkeneye/code/cedar/cShark/build/CMakeFiles/CMakeTmp/CMakeFiles 1
Building CXX object CMakeFiles/cmTryCompileExec4278267741.dir/CheckSymbolExists.cxx.o
/usr/bin/c++    -I/usr/include/qt4    -o CMakeFiles/cmTryCompileExec4278267741.dir/CheckSymbolExists.cxx.o -c /home/drunkeneye/code/cedar/cShark/build/CMakeFiles/CMakeTmp/CheckSymbolExists.cxx
/home/drunkeneye/code/cedar/cShark/build/CMakeFiles/CMakeTmp/CheckSymbolExists.cxx: In function ‘int main(int, char**)’:
/home/drunkeneye/code/cedar/cShark/build/CMakeFiles/CMakeTmp/CheckSymbolExists.cxx:8:19: error: ‘Q_WS_QWS’ was not declared in this scope
   return ((int*)(&Q_WS_QWS))[argc];
                   ^
CMakeFiles/cmTryCompileExec4278267741.dir/build.make:57: recipe for target 'CMakeFiles/cmTryCompileExec4278267741.dir/CheckSymbolExists.cxx.o' failed
make[1]: *** [CMakeFiles/cmTryCompileExec4278267741.dir/CheckSymbolExists.cxx.o] Error 1
make[1]: Leaving directory '/home/drunkeneye/code/cedar/cShark/build/CMakeFiles/CMakeTmp'
Makefile:118: recipe for target 'cmTryCompileExec4278267741/fast' failed
make: *** [cmTryCompileExec4278267741/fast] Error 2

File /home/drunkeneye/code/cedar/cShark/build/CMakeFiles/CMakeTmp/CheckSymbolExists.cxx:
/* */
#include <QtCore/qglobal.h>

int main(int argc, char** argv)
{
  (void)argv;
#ifndef Q_WS_QWS
  return ((int*)(&Q_WS_QWS))[argc];
#else
  (void)argc;
  return 0;
#endif
}

Determining if the Q_WS_MAC exist failed with the following output:
Change Dir: /home/drunkeneye/code/cedar/cShark/build/CMakeFiles/CMakeTmp

Run Build Command:"/usr/bin/make" "cmTryCompileExec573121344/fast"
/usr/bin/make -f CMakeFiles/cmTryCompileExec573121344.dir/build.make CMakeFiles/cmTryCompileExec573121344.dir/build
make[1]: Entering directory '/home/drunkeneye/code/cedar/cShark/build/CMakeFiles/CMakeTmp'
/usr/bin/cmake -E cmake_progress_report /home/drunkeneye/code/cedar/cShark/build/CMakeFiles/CMakeTmp/CMakeFiles 1
Building CXX object CMakeFiles/cmTryCompileExec573121344.dir/CheckSymbolExists.cxx.o
/usr/bin/c++    -I/usr/include/qt4    -o CMakeFiles/cmTryCompileExec573121344.dir/CheckSymbolExists.cxx.o -c /home/drunkeneye/code/cedar/cShark/build/CMakeFiles/CMakeTmp/CheckSymbolExists.cxx
/home/drunkeneye/code/cedar/cShark/build/CMakeFiles/CMakeTmp/CheckSymbolExists.cxx: In function ‘int main(int, char**)’:
/home/drunkeneye/code/cedar/cShark/build/CMakeFiles/CMakeTmp/CheckSymbolExists.cxx:8:19: error: ‘Q_WS_MAC’ was not declared in this scope
   return ((int*)(&Q_WS_MAC))[argc];
                   ^
CMakeFiles/cmTryCompileExec573121344.dir/build.make:57: recipe for target 'CMakeFiles/cmTryCompileExec573121344.dir/CheckSymbolExists.cxx.o' failed
make[1]: *** [CMakeFiles/cmTryCompileExec573121344.dir/CheckSymbolExists.cxx.o] Error 1
make[1]: Leaving directory '/home/drunkeneye/code/cedar/cShark/build/CMakeFiles/CMakeTmp'
Makefile:118: recipe for target 'cmTryCompileExec573121344/fast' failed
make: *** [cmTryCompileExec573121344/fast] Error 2

File /home/drunkeneye/code/cedar/cShark/build/CMakeFiles/CMakeTmp/CheckSymbolExists.cxx:
/* */
#include <QtCore/qglobal.h>

int main(int argc, char** argv)
{
  (void)argv;
#ifndef Q_WS_MAC
  return ((int*)(&Q_WS_MAC))[argc];
#else
  (void)argc;
  return 0;
#endif
}

